<?xml version="1.0" encoding="UTF-8"?>
<testsuite xmlns:xsi="http://www.w3.org/2001/XMLSchema-instance" xsi:noNamespaceSchemaLocation="https://maven.apache.org/surefire/maven-surefire-plugin/xsd/surefire-test-report-3.0.xsd" version="3.0" name="com.example.PatientServiceTest" time="0.112" tests="3" errors="0" skipped="0" failures="0">
  <properties>
[...]
</properties>
  <testcase name="testRetrievePatient" classname="com.example.PatientServiceTest" time="0.081"/>
  <testcase name="testValidPatient" classname="com.example.PatientServiceTest" time="0.001"/>
  <testcase name="testInvalidPatient" classname="com.example.PatientServiceTest" time="0.002"/>
</testsuite>